  ConvexHull.cpp
C:\Users\Beath\Desktop\Collision Algorithms\cpp\ConvexHull.cpp(8,20): warning C4018: '<': signed/unsigned mismatch
C:\Users\Beath\Desktop\Collision Algorithms\cpp\ConvexHull.cpp(24,20): warning C4018: '<': signed/unsigned mismatch
C:\Users\Beath\Desktop\Collision Algorithms\cpp\ConvexHull.cpp(40,20): warning C4018: '<': signed/unsigned mismatch
C:\Users\Beath\Desktop\Collision Algorithms\cpp\ConvexHull.cpp(87,20): warning C4018: '<': signed/unsigned mismatch
C:\Users\Beath\Desktop\Collision Algorithms\cpp\ConvexHull.cpp(112,20): warning C4018: '<': signed/unsigned mismatch
C:\Users\Beath\Desktop\Collision Algorithms\cpp\ConvexHull.cpp(114,21): warning C4018: '<': signed/unsigned mismatch
  DataTypes.cpp
C:\Users\Beath\Desktop\Collision Algorithms\cpp\DataTypes.cpp(38,20): warning C4018: '<': signed/unsigned mismatch
C:\Users\Beath\Desktop\Collision Algorithms\cpp\DataTypes.cpp(63,20): warning C4018: '<': signed/unsigned mismatch
  main.cpp
C:\Users\Beath\Desktop\Collision Algorithms\cpp\main.cpp(41,17): warning C4996: 'ID2D1Factory::GetDesktopDpi': Deprecated. Use DisplayInformation::LogicalDpi for Windows Store Apps or GetDpiForWindow for desktop apps.
C:\Users\Beath\Desktop\Collision Algorithms\cpp\main.cpp(209,23): warning C4018: '<': signed/unsigned mismatch
C:\Users\Beath\Desktop\Collision Algorithms\cpp\main.cpp(210,83): warning C4244: 'argument': conversion from 'double' to 'FLOAT', possible loss of data
C:\Users\Beath\Desktop\Collision Algorithms\cpp\main.cpp(210,63): warning C4244: 'argument': conversion from 'double' to 'FLOAT', possible loss of data
C:\Users\Beath\Desktop\Collision Algorithms\cpp\main.cpp(211,71): warning C4244: 'argument': conversion from 'double' to 'FLOAT', possible loss of data
C:\Users\Beath\Desktop\Collision Algorithms\cpp\main.cpp(211,47): warning C4244: 'argument': conversion from 'double' to 'FLOAT', possible loss of data
C:\Users\Beath\Desktop\Collision Algorithms\cpp\main.cpp(215,121): warning C4244: 'argument': conversion from 'double' to 'FLOAT', possible loss of data
C:\Users\Beath\Desktop\Collision Algorithms\cpp\main.cpp(215,80): warning C4244: 'argument': conversion from 'double' to 'FLOAT', possible loss of data
C:\Users\Beath\Desktop\Collision Algorithms\cpp\main.cpp(216,59): warning C4244: 'argument': conversion from 'double' to 'FLOAT', possible loss of data
C:\Users\Beath\Desktop\Collision Algorithms\cpp\main.cpp(216,39): warning C4244: 'argument': conversion from 'double' to 'FLOAT', possible loss of data
C:\Users\Beath\Desktop\Collision Algorithms\cpp\main.cpp(290,50): warning C4244: 'argument': conversion from 'double' to 'FLOAT', possible loss of data
C:\Users\Beath\Desktop\Collision Algorithms\cpp\main.cpp(290,88): warning C4244: 'argument': conversion from 'double' to 'FLOAT', possible loss of data
C:\Users\Beath\Desktop\Collision Algorithms\cpp\main.cpp(290,80): warning C4244: 'argument': conversion from 'LONG' to 'FLOAT', possible loss of data
C:\Users\Beath\Desktop\Collision Algorithms\cpp\main.cpp(291,47): warning C4244: 'argument': conversion from 'double' to 'FLOAT', possible loss of data
C:\Users\Beath\Desktop\Collision Algorithms\cpp\main.cpp(291,89): warning C4244: 'argument': conversion from 'LONG' to 'FLOAT', possible loss of data
C:\Users\Beath\Desktop\Collision Algorithms\cpp\main.cpp(291,76): warning C4244: 'argument': conversion from 'double' to 'FLOAT', possible loss of data
C:\Users\Beath\Desktop\Collision Algorithms\cpp\main.cpp(293,24): warning C4244: 'initializing': conversion from 'float' to 'int', possible loss of data
C:\Users\Beath\Desktop\Collision Algorithms\cpp\main.cpp(294,25): warning C4244: 'initializing': conversion from 'float' to 'int', possible loss of data
C:\Users\Beath\Desktop\Collision Algorithms\cpp\main.cpp(299,19): warning C4244: 'initializing': conversion from 'float' to 'int', possible loss of data
C:\Users\Beath\Desktop\Collision Algorithms\cpp\main.cpp(300,19): warning C4244: 'initializing': conversion from 'float' to 'int', possible loss of data
C:\Users\Beath\Desktop\Collision Algorithms\cpp\main.cpp(302,32): warning C4838: conversion from 'int' to 'double' requires a narrowing conversion
C:\Users\Beath\Desktop\Collision Algorithms\cpp\main.cpp(302,35): warning C4838: conversion from 'int' to 'double' requires a narrowing conversion
C:\Users\Beath\Desktop\Collision Algorithms\cpp\main.cpp(305,65): warning C4244: 'argument': conversion from 'int' to 'FLOAT', possible loss of data
C:\Users\Beath\Desktop\Collision Algorithms\cpp\main.cpp(305,62): warning C4244: 'argument': conversion from 'int' to 'FLOAT', possible loss of data
C:\Users\Beath\Desktop\Collision Algorithms\cpp\main.cpp(321,19): warning C4244: 'initializing': conversion from 'float' to 'int', possible loss of data
C:\Users\Beath\Desktop\Collision Algorithms\cpp\main.cpp(322,19): warning C4244: 'initializing': conversion from 'float' to 'int', possible loss of data
C:\Users\Beath\Desktop\Collision Algorithms\cpp\main.cpp(324,32): warning C4838: conversion from 'int' to 'double' requires a narrowing conversion
C:\Users\Beath\Desktop\Collision Algorithms\cpp\main.cpp(324,35): warning C4838: conversion from 'int' to 'double' requires a narrowing conversion
C:\Users\Beath\Desktop\Collision Algorithms\cpp\main.cpp(327,65): warning C4244: 'argument': conversion from 'int' to 'FLOAT', possible loss of data
C:\Users\Beath\Desktop\Collision Algorithms\cpp\main.cpp(327,62): warning C4244: 'argument': conversion from 'int' to 'FLOAT', possible loss of data
C:\Users\Beath\Desktop\Collision Algorithms\cpp\main.cpp(377,50): warning C4244: 'argument': conversion from 'double' to 'FLOAT', possible loss of data
C:\Users\Beath\Desktop\Collision Algorithms\cpp\main.cpp(377,88): warning C4244: 'argument': conversion from 'double' to 'FLOAT', possible loss of data
C:\Users\Beath\Desktop\Collision Algorithms\cpp\main.cpp(377,80): warning C4244: 'argument': conversion from 'LONG' to 'FLOAT', possible loss of data
C:\Users\Beath\Desktop\Collision Algorithms\cpp\main.cpp(378,47): warning C4244: 'argument': conversion from 'double' to 'FLOAT', possible loss of data
C:\Users\Beath\Desktop\Collision Algorithms\cpp\main.cpp(378,89): warning C4244: 'argument': conversion from 'LONG' to 'FLOAT', possible loss of data
C:\Users\Beath\Desktop\Collision Algorithms\cpp\main.cpp(378,76): warning C4244: 'argument': conversion from 'double' to 'FLOAT', possible loss of data
C:\Users\Beath\Desktop\Collision Algorithms\cpp\main.cpp(382,27): warning C4018: '<': signed/unsigned mismatch
C:\Users\Beath\Desktop\Collision Algorithms\cpp\main.cpp(398,45): warning C4018: '<': signed/unsigned mismatch
C:\Users\Beath\Desktop\Collision Algorithms\cpp\main.cpp(457,31): warning C4838: conversion from 'int' to 'double' requires a narrowing conversion
C:\Users\Beath\Desktop\Collision Algorithms\cpp\main.cpp(457,34): warning C4838: conversion from 'int' to 'double' requires a narrowing conversion
C:\Users\Beath\Desktop\Collision Algorithms\cpp\main.cpp(460,65): warning C4244: 'argument': conversion from 'int' to 'FLOAT', possible loss of data
C:\Users\Beath\Desktop\Collision Algorithms\cpp\main.cpp(460,62): warning C4244: 'argument': conversion from 'int' to 'FLOAT', possible loss of data
C:\Users\Beath\Desktop\Collision Algorithms\cpp\main.cpp(544,32): warning C4838: conversion from 'int' to 'double' requires a narrowing conversion
C:\Users\Beath\Desktop\Collision Algorithms\cpp\main.cpp(544,35): warning C4838: conversion from 'int' to 'double' requires a narrowing conversion
C:\Users\Beath\Desktop\Collision Algorithms\cpp\main.cpp(547,65): warning C4244: 'argument': conversion from 'int' to 'FLOAT', possible loss of data
C:\Users\Beath\Desktop\Collision Algorithms\cpp\main.cpp(547,62): warning C4244: 'argument': conversion from 'int' to 'FLOAT', possible loss of data
C:\Users\Beath\Desktop\Collision Algorithms\cpp\main.cpp(563,28): warning C4838: conversion from 'int' to 'double' requires a narrowing conversion
C:\Users\Beath\Desktop\Collision Algorithms\cpp\main.cpp(563,31): warning C4838: conversion from 'int' to 'double' requires a narrowing conversion
C:\Users\Beath\Desktop\Collision Algorithms\cpp\main.cpp(565,61): warning C4244: 'argument': conversion from 'int' to 'FLOAT', possible loss of data
C:\Users\Beath\Desktop\Collision Algorithms\cpp\main.cpp(565,58): warning C4244: 'argument': conversion from 'int' to 'FLOAT', possible loss of data
C:\Users\Beath\Desktop\Collision Algorithms\cpp\main.cpp(682,27): warning C4018: '<': signed/unsigned mismatch
C:\Users\Beath\Desktop\Collision Algorithms\cpp\main.cpp(698,45): warning C4018: '<': signed/unsigned mismatch
C:\Users\Beath\Desktop\Collision Algorithms\cpp\main.cpp(772,31): warning C4018: '<': signed/unsigned mismatch
C:\Users\Beath\Desktop\Collision Algorithms\cpp\main.cpp(776,61): warning C4244: '=': conversion from 'double' to 'FLOAT', possible loss of data
C:\Users\Beath\Desktop\Collision Algorithms\cpp\main.cpp(777,61): warning C4244: '=': conversion from 'double' to 'FLOAT', possible loss of data
C:\Users\Beath\Desktop\Collision Algorithms\cpp\main.cpp(782,49): warning C4018: '<': signed/unsigned mismatch
C:\Users\Beath\Desktop\Collision Algorithms\cpp\main.cpp(786,61): warning C4244: '=': conversion from 'double' to 'FLOAT', possible loss of data
C:\Users\Beath\Desktop\Collision Algorithms\cpp\main.cpp(787,61): warning C4244: '=': conversion from 'double' to 'FLOAT', possible loss of data
C:\Users\Beath\Desktop\Collision Algorithms\cpp\main.cpp(807,50): warning C4244: '=': conversion from 'double' to 'FLOAT', possible loss of data
C:\Users\Beath\Desktop\Collision Algorithms\cpp\main.cpp(808,50): warning C4244: '=': conversion from 'double' to 'FLOAT', possible loss of data
  Converter.cpp
C:\Users\Beath\Desktop\Collision Algorithms\cpp\Converter.cpp(19,20): warning C4018: '<': signed/unsigned mismatch
C:\Users\Beath\Desktop\Collision Algorithms\cpp\Converter.cpp(35,20): warning C4018: '<': signed/unsigned mismatch
  Generating Code...
  SimpleDrawing.vcxproj -> C:\Users\Beath\Desktop\Collision Algorithms\cpp\Debug\ConvexHullAlgorithms.exe
